Using pre-set license
Built from '2020.3/staging' branch; Version is '2020.3.23f1 (c5d91304a876) revision 12966163'; Using compiler version '192528614'; Build Type 'Release'
OS: 'Windows 10 Home; OS build 19043.1288; Version 2009; 64bit' Language: 'en' Physical Memory: 16221 MB
BatchMode: 1, IsHumanControllingUs: 0, StartBugReporterOnCrash: 0, Is64bit: 1, IsPro: 0

COMMAND LINE ARGUMENTS:
C:\Program Files\Unity\Hub\Editor\2020.3.23f1\Editor\Unity.exe
-adb2
-batchMode
-noUpm
-name
AssetImportWorker0
-projectPath
C:/Users/jabre/Desktop/Ice Map
-logFile
Logs/AssetImportWorker0.log
-srvPort
57962
Successfully changed project path to: C:/Users/jabre/Desktop/Ice Map
C:/Users/jabre/Desktop/Ice Map
Using Asset Import Pipeline V2.
Refreshing native plugins compatible for Editor in 68.57 ms, found 3 plugins.
Preloading 0 native plugins for Editor in 0.00 ms.
Initialize engine version: 2020.3.23f1 (c5d91304a876)
[Subsystems] Discovering subsystems at path C:/Program Files/Unity/Hub/Editor/2020.3.23f1/Editor/Data/Resources/UnitySubsystems
[Subsystems] Discovering subsystems at path C:/Users/jabre/Desktop/Ice Map/Assets
GfxDevice: creating device client; threaded=0
Direct3D:
    Version:  Direct3D 11.0 [level 11.1]
    Renderer: NVIDIA GeForce GTX 1050 Ti with Max-Q Design (ID=0x1c8f)
    Vendor:   
    VRAM:     4021 MB
    Driver:   26.21.14.4259
Initialize mono
Mono path[0] = 'C:/Program Files/Unity/Hub/Editor/2020.3.23f1/Editor/Data/Managed'
Mono path[1] = 'C:/Program Files/Unity/Hub/Editor/2020.3.23f1/Editor/Data/MonoBleedingEdge/lib/mono/unityjit'
Mono config path = 'C:/Program Files/Unity/Hub/Editor/2020.3.23f1/Editor/Data/MonoBleedingEdge/etc'
Using monoOptions --debugger-agent=transport=dt_socket,embedding=1,server=y,suspend=n,address=127.0.0.1:56928
Begin MonoManager ReloadAssembly
Registering precompiled unity dll's ...
Register platform support module: C:/Program Files/Unity/Hub/Editor/2020.3.23f1/Editor/Data/PlaybackEngines/WindowsStandaloneSupport/UnityEditor.WindowsStandalone.Extensions.dll
Registered in 0.003042 seconds.
Native extension for WindowsStandalone target not found
Refreshing native plugins compatible for Editor in 73.75 ms, found 3 plugins.
Preloading 0 native plugins for Editor in 0.00 ms.
Mono: successfully reloaded assembly
- Completed reload, in  1.031 seconds
Domain Reload Profiling:
	ReloadAssembly (1031ms)
		BeginReloadAssembly (93ms)
			ExecutionOrderSort (0ms)
			DisableScriptedObjects (0ms)
			BackupInstance (0ms)
			ReleaseScriptingObjects (0ms)
			CreateAndSetChildDomain (1ms)
		EndReloadAssembly (807ms)
			LoadAssemblies (89ms)
			RebuildTransferFunctionScriptingTraits (0ms)
			SetupTypeCache (288ms)
			ReleaseScriptCaches (0ms)
			RebuildScriptCaches (50ms)
			SetupLoadedEditorAssemblies (267ms)
				LogAssemblyErrors (0ms)
				InitializePlatformSupportModulesInManaged (6ms)
				SetLoadedEditorAssemblies (0ms)
				RefreshPlugins (74ms)
				BeforeProcessingInitializeOnLoad (18ms)
				ProcessInitializeOnLoadAttributes (123ms)
				ProcessInitializeOnLoadMethodAttributes (46ms)
				AfterProcessingInitializeOnLoad (0ms)
				EditorAssembliesLoaded (1ms)
			ExecutionOrderSort2 (0ms)
			AwakeInstancesAfterBackupRestoration (0ms)
Platform modules already initialized, skipping
Registering precompiled user dll's ...
Registered in 0.009646 seconds.
Begin MonoManager ReloadAssembly
Native extension for WindowsStandalone target not found
Refreshing native plugins compatible for Editor in 70.21 ms, found 3 plugins.
Preloading 0 native plugins for Editor in 0.00 ms.
Mono: successfully reloaded assembly
- Completed reload, in  1.881 seconds
Domain Reload Profiling:
	ReloadAssembly (1883ms)
		BeginReloadAssembly (271ms)
			ExecutionOrderSort (0ms)
			DisableScriptedObjects (7ms)
			BackupInstance (0ms)
			ReleaseScriptingObjects (0ms)
			CreateAndSetChildDomain (37ms)
		EndReloadAssembly (1492ms)
			LoadAssemblies (152ms)
			RebuildTransferFunctionScriptingTraits (0ms)
			SetupTypeCache (564ms)
			ReleaseScriptCaches (1ms)
			RebuildScriptCaches (84ms)
			SetupLoadedEditorAssemblies (507ms)
				LogAssemblyErrors (0ms)
				InitializePlatformSupportModulesInManaged (4ms)
				SetLoadedEditorAssemblies (0ms)
				RefreshPlugins (70ms)
				BeforeProcessingInitializeOnLoad (125ms)
				ProcessInitializeOnLoadAttributes (269ms)
				ProcessInitializeOnLoadMethodAttributes (27ms)
				AfterProcessingInitializeOnLoad (11ms)
				EditorAssembliesLoaded (0ms)
			ExecutionOrderSort2 (0ms)
			AwakeInstancesAfterBackupRestoration (8ms)
Platform modules already initialized, skipping
========================================================================
Worker process is ready to serve import requests
Launched and connected shader compiler UnityShaderCompiler.exe after 0.12 seconds
Refreshing native plugins compatible for Editor in 0.61 ms, found 3 plugins.
Preloading 0 native plugins for Editor in 0.00 ms.
Unloading 2197 Unused Serialized files (Serialized files now loaded: 0)
System memory in use before: 96.0 MB.
System memory in use after: 96.0 MB.

Unloading 34 unused Assets to reduce memory usage. Loaded Objects now: 2624.
Total: 4.006000 ms (FindLiveObjects: 0.252900 ms CreateObjectMapping: 0.088300 ms MarkObjects: 3.504300 ms  DeleteObjects: 0.158900 ms)

AssetImportParameters requested are different than current active one (requested -> active):
  custom:framework-win-MediaFoundation: 216162199b28c13a410421893ffa2e32 -> 
  custom:video-decoder-ogg-theora: a1e56fd34408186e4bbccfd4996cb3dc -> 
  custom:container-muxer-webm: aa71ff27fc2769a1b78a27578f13a17b -> 
  custom:container-demuxer-webm: 4f35f7cbe854078d1ac9338744f61a02 -> 
  custom:container-demuxer-ogg: 62fdf1f143b41e24485cea50d1cbac27 -> 
  custom:video-encoder-webm-vp8: eb34c28f22e8b96e1ab97ce403110664 -> 
  custom:video-decoder-webm-vp8: 9c59270c3fd7afecdb556c50c9e8de78 -> 
  custom:audio-decoder-ogg-vorbis: bf7c407c2cedff20999df2af8eb42d56 -> 
  custom:audio-encoder-webm-vorbis: bf7c407c2cedff20999df2af8eb42d56 -> 
========================================================================
Received Import Request.
  path: Assets/icy_terrain.prefab
  artifactKey: Guid(9b25a62be0c7f564a88d0fcc6cf7976a) Importer(815301076,1909f56bfc062723c751e8b465ee728b)
Start importing Assets/icy_terrain.prefab using Guid(9b25a62be0c7f564a88d0fcc6cf7976a) Importer(815301076,1909f56bfc062723c751e8b465ee728b)  -> (artifact id: '925689a5be1cf30c4669a64d3892d05e') in 0.181981 seconds 
  Import took 0.188963 seconds .

========================================================================
Received Import Request.
  Time since last request: 995.945720 seconds.
  path: Assets/2D Ice Platform Pack/Platform/IceTiles/grounds_9.asset
  artifactKey: Guid(e9c337522c140b943a300c6d548c84e1) Importer(815301076,1909f56bfc062723c751e8b465ee728b)
Start importing Assets/2D Ice Platform Pack/Platform/IceTiles/grounds_9.asset using Guid(e9c337522c140b943a300c6d548c84e1) Importer(815301076,1909f56bfc062723c751e8b465ee728b)  -> (artifact id: 'd4f419f34128a23b06bb232c304e1406') in 0.199979 seconds 
  Import took 0.257537 seconds .

========================================================================
Received Import Request.
  Time since last request: 0.072299 seconds.
  path: Assets/Scenes/SampleScene.unity
  artifactKey: Guid(2cda990e2423bbf4892e6590ba056729) Importer(815301076,1909f56bfc062723c751e8b465ee728b)
Start importing Assets/Scenes/SampleScene.unity using Guid(2cda990e2423bbf4892e6590ba056729) Importer(815301076,1909f56bfc062723c751e8b465ee728b)  -> (artifact id: '1dd975d23e74bec4acc59b81ccd8d644') in 0.021884 seconds 
  Import took 0.030640 seconds .

========================================================================
Received Import Request.
  Time since last request: 0.022335 seconds.
  path: Assets/2D Ice Platform Pack/Platform/IceTiles/grounds_13.asset
  artifactKey: Guid(337f3842455c2fb45a8c75beba424f1c) Importer(815301076,1909f56bfc062723c751e8b465ee728b)
Start importing Assets/2D Ice Platform Pack/Platform/IceTiles/grounds_13.asset using Guid(337f3842455c2fb45a8c75beba424f1c) Importer(815301076,1909f56bfc062723c751e8b465ee728b)  -> (artifact id: 'f154845a82abb4bc32a0c390ea08b1d2') in 0.095248 seconds 
  Import took 0.114286 seconds .

========================================================================
Received Import Request.
  Time since last request: 0.020015 seconds.
  path: Assets/2D Ice Platform Pack/Platform/IceTiles/grounds_15.asset
  artifactKey: Guid(42c362bd773b58049b7fd05e75246a8f) Importer(815301076,1909f56bfc062723c751e8b465ee728b)
Start importing Assets/2D Ice Platform Pack/Platform/IceTiles/grounds_15.asset using Guid(42c362bd773b58049b7fd05e75246a8f) Importer(815301076,1909f56bfc062723c751e8b465ee728b)  -> (artifact id: '259c52b693c1683621091e2ff2d4343c') in 0.045884 seconds 
  Import took 0.055331 seconds .

AssetImportWorkerClient::OnTransportError - code=2 error=End of file
